This file contains any messages produced by compilers while
running configure, to aid debugging if configure makes a mistake.

It was created by pygobject configure 2.12.2, which was
generated by GNU Autoconf 2.59.  Invocation command line was

  $ ../configure --prefix=/usr --enable-thread --disable-numpy

## --------- ##
## Platform. ##
## --------- ##

hostname = fermat
uname -m = arm
uname -r = 2.6.15-27-686
uname -s = Linux
uname -v = #1 SMP PREEMPT Sat Sep 16 02:13:27 UTC 2006

/usr/bin/uname -p = unknown
/bin/uname -X     = unknown

/bin/arch              = arm
/usr/bin/arch -k       = arm
/usr/convex/getsysinfo = unknown
hostinfo               = unknown
/bin/machine           = unknown
/usr/bin/oslevel       = unknown
/bin/universe          = unknown

PATH: /scratchbox/devkits/perl/bin
PATH: /scratchbox/devkits/doctools/bin
PATH: /scratchbox/devkits/cputransp/bin
PATH: /scratchbox/devkits/debian/bin
PATH: /scratchbox/tools/bin
PATH: /targets/links/arch_tools/bin
PATH: /host_usr/bin
PATH: /scratchbox/compilers/bin
PATH: /bin
PATH: /usr/bin
PATH: /usr/local/bin
PATH: /usr/X11R6/bin
PATH: /sbin
PATH: /usr/sbin
PATH: /home/osantana/bin


## ----------- ##
## Core tests. ##
## ----------- ##

configure:1552: checking for a BSD-compatible install
configure:1607: result: /scratchbox/tools/bin/install -c
configure:1618: checking whether build environment is sane
configure:1661: result: yes
configure:1718: checking for gawk
configure:1734: found /scratchbox/tools/bin/gawk
configure:1744: result: gawk
configure:1754: checking whether make sets $(MAKE)
configure:1774: result: yes
configure:1947: checking build system type
configure:1965: result: arm-unknown-linux-gnu
configure:1973: checking host system type
configure:1987: result: arm-unknown-linux-gnu
configure:1995: checking for some Win32 platform
configure:2005: result: no
configure:2018: checking for native Win32
configure:2028: result: no
configure:2131: checking for style of include used by make
configure:2159: result: GNU
configure:2230: checking for gcc
configure:2246: found /scratchbox/compilers/bin/gcc
configure:2256: result: gcc
configure:2500: checking for C compiler version
configure:2503: gcc --version </dev/null >&5
sbox-arm-linux-gcc (GCC) 3.4.4 (release) (CodeSourcery ARM 2005q3-2)
Copyright (C) 2004 Free Software Foundation, Inc.
This is free software; see the source for copying conditions.  There is NO
warranty; not even for MERCHANTABILITY or FITNESS FOR A PARTICULAR PURPOSE.

configure:2506: $? = 0
configure:2508: gcc -v </dev/null >&5
Reading specs from /scratchbox/compilers/cs2005q3.2-glibc-arm/lib/gcc/arm-none-linux-gnueabi/3.4.4/specs
Reading specs from /scratchbox/compilers/cs2005q3.2-glibc-arm/gcc.specs
rename spec cpp to old_cpp
Configured with: /home/kl/cs2005q3-2_toolchain/gcc/glibc/work/gcc-2005q3-2/configure --build=i386-linux --host=i386-linux --target=arm-none-linux-gnueabi --prefix=/scratchbox/compilers/cs2005q3.2-glibc-arm --with-headers=/scratchbox/compilers/cs2005q3.2-glibc-arm/usr/include --enable-languages=c,c++ --enable-shared --enable-threads --disable-checking --enable-symvers=gnu --program-prefix=arm-linux- --with-gnu-ld --enable-__cxa_atexit --disable-libssp --disable-libstdcxx-pch --with-cpu= --enable-interwork
Thread model: posix
gcc version 3.4.4 (release) (CodeSourcery ARM 2005q3-2)
configure:2511: $? = 0
configure:2513: gcc -V </dev/null >&5
sbox-arm-linux-gcc: `-V' must come at the start of the command line
configure:2516: $? = 1
configure:2539: checking for C compiler default output file name
configure:2542: gcc -Os -mthumb -mfloat-abi=softfp -Wall -Wstrict-prototypes   conftest.c  >&5
conftest.c:17: warning: function declaration isn't a prototype
configure:2545: $? = 0
configure:2591: result: a.out
configure:2596: checking whether the C compiler works
configure:2602: ./a.out
configure:2605: $? = 0
configure:2622: result: yes
configure:2629: checking whether we are cross compiling
configure:2631: result: no
configure:2634: checking for suffix of executables
configure:2636: gcc -o conftest -Os -mthumb -mfloat-abi=softfp -Wall -Wstrict-prototypes   conftest.c  >&5
conftest.c:17: warning: function declaration isn't a prototype
configure:2639: $? = 0
configure:2664: result: 
configure:2670: checking for suffix of object files
configure:2691: gcc -c -Os -mthumb -mfloat-abi=softfp -Wall -Wstrict-prototypes  conftest.c >&5
conftest.c:17: warning: function declaration isn't a prototype
configure:2694: $? = 0
configure:2716: result: o
configure:2720: checking whether we are using the GNU C compiler
configure:2744: gcc -c -Os -mthumb -mfloat-abi=softfp -Wall -Wstrict-prototypes  conftest.c >&5
conftest.c:17: warning: function declaration isn't a prototype
configure:2750: $? = 0
configure:2753: test -z 			 || test ! -s conftest.err
configure:2756: $? = 0
configure:2759: test -s conftest.o
configure:2762: $? = 0
configure:2775: result: yes
configure:2781: checking whether gcc accepts -g
configure:2802: gcc -c -g  conftest.c >&5
configure:2808: $? = 0
configure:2811: test -z 			 || test ! -s conftest.err
configure:2814: $? = 0
configure:2817: test -s conftest.o
configure:2820: $? = 0
configure:2831: result: yes
configure:2848: checking for gcc option to accept ANSI C
configure:2918: gcc  -c -Os -mthumb -mfloat-abi=softfp -Wall -Wstrict-prototypes  conftest.c >&5
conftest.c:22: warning: function declaration isn't a prototype
conftest.c:54: warning: function declaration isn't a prototype
configure:2924: $? = 0
configure:2927: test -z 			 || test ! -s conftest.err
configure:2930: $? = 0
configure:2933: test -s conftest.o
configure:2936: $? = 0
configure:2954: result: none needed
configure:2972: gcc -c -Os -mthumb -mfloat-abi=softfp -Wall -Wstrict-prototypes  conftest.c >&5
conftest.c:2: error: syntax error before "me"
configure:2978: $? = 1
configure: failed program was:
| #ifndef __cplusplus
|   choke me
| #endif
configure:3110: checking dependency style of gcc
configure:3200: result: gcc3
configure:3217: checking for a sed that does not truncate output
configure:3271: result: /scratchbox/tools/bin/sed
configure:3274: checking for egrep
configure:3284: result: grep -E
configure:3300: checking for ld used by gcc
configure:3367: result: /scratchbox/compilers/cs2005q3.2-glibc-arm/arm-none-linux-gnueabi/bin/ld
configure:3376: checking if the linker (/scratchbox/compilers/cs2005q3.2-glibc-arm/arm-none-linux-gnueabi/bin/ld) is GNU ld
configure:3391: result: yes
configure:3396: checking for /scratchbox/compilers/cs2005q3.2-glibc-arm/arm-none-linux-gnueabi/bin/ld option to reload object files
configure:3403: result: -r
configure:3421: checking for BSD-compatible nm
configure:3470: result: /scratchbox/compilers/bin/nm -B
configure:3474: checking whether ln -s works
configure:3478: result: yes
configure:3485: checking how to recognise dependent libraries
configure:3661: result: pass_all
configure:4139: checking how to run the C preprocessor
configure:4174: gcc -E  conftest.c
configure:4180: $? = 0
configure:4212: gcc -E  conftest.c
conftest.c:14:28: ac_nonexistent.h: No such file or directory
configure:4218: $? = 1
configure: failed program was:
| /* confdefs.h.  */
| 
| #define PACKAGE_NAME "pygobject"
| #define PACKAGE_TARNAME "pygobject"
| #define PACKAGE_VERSION "2.12.2"
| #define PACKAGE_STRING "pygobject 2.12.2"
| #define PACKAGE_BUGREPORT "http://bugzilla.gnome.org/enter_bug.cgi?product=pygobject"
| #define PYGOBJECT_MAJOR_VERSION 2
| #define PYGOBJECT_MINOR_VERSION 12
| #define PYGOBJECT_MICRO_VERSION 2
| #define PACKAGE "pygobject"
| #define VERSION "2.12.2"
| /* end confdefs.h.  */
| #include <ac_nonexistent.h>
configure:4257: result: gcc -E
configure:4281: gcc -E  conftest.c
configure:4287: $? = 0
configure:4319: gcc -E  conftest.c
conftest.c:14:28: ac_nonexistent.h: No such file or directory
configure:4325: $? = 1
configure: failed program was:
| /* confdefs.h.  */
| 
| #define PACKAGE_NAME "pygobject"
| #define PACKAGE_TARNAME "pygobject"
| #define PACKAGE_VERSION "2.12.2"
| #define PACKAGE_STRING "pygobject 2.12.2"
| #define PACKAGE_BUGREPORT "http://bugzilla.gnome.org/enter_bug.cgi?product=pygobject"
| #define PYGOBJECT_MAJOR_VERSION 2
| #define PYGOBJECT_MINOR_VERSION 12
| #define PYGOBJECT_MICRO_VERSION 2
| #define PACKAGE "pygobject"
| #define VERSION "2.12.2"
| /* end confdefs.h.  */
| #include <ac_nonexistent.h>
configure:4369: checking for ANSI C header files
configure:4394: gcc -c -Os -mthumb -mfloat-abi=softfp -Wall -Wstrict-prototypes  conftest.c >&5
conftest.c:21: warning: function declaration isn't a prototype
configure:4400: $? = 0
configure:4403: test -z 			 || test ! -s conftest.err
configure:4406: $? = 0
configure:4409: test -s conftest.o
configure:4412: $? = 0
configure:4498: gcc -o conftest -Os -mthumb -mfloat-abi=softfp -Wall -Wstrict-prototypes   conftest.c  >&5
conftest.c:26: warning: function declaration isn't a prototype
conftest.c: In function `main':
conftest.c:31: warning: implicit declaration of function `exit'
configure:4501: $? = 0
configure:4503: ./conftest
configure:4506: $? = 0
configure:4521: result: yes
configure:4545: checking for sys/types.h
configure:4561: gcc -c -Os -mthumb -mfloat-abi=softfp -Wall -Wstrict-prototypes  conftest.c >&5
configure:4567: $? = 0
configure:4570: test -z 			 || test ! -s conftest.err
configure:4573: $? = 0
configure:4576: test -s conftest.o
configure:4579: $? = 0
configure:4590: result: yes
configure:4545: checking for sys/stat.h
configure:4561: gcc -c -Os -mthumb -mfloat-abi=softfp -Wall -Wstrict-prototypes  conftest.c >&5
configure:4567: $? = 0
configure:4570: test -z 			 || test ! -s conftest.err
configure:4573: $? = 0
configure:4576: test -s conftest.o
configure:4579: $? = 0
configure:4590: result: yes
configure:4545: checking for stdlib.h
configure:4561: gcc -c -Os -mthumb -mfloat-abi=softfp -Wall -Wstrict-prototypes  conftest.c >&5
configure:4567: $? = 0
configure:4570: test -z 			 || test ! -s conftest.err
configure:4573: $? = 0
configure:4576: test -s conftest.o
configure:4579: $? = 0
configure:4590: result: yes
configure:4545: checking for string.h
configure:4561: gcc -c -Os -mthumb -mfloat-abi=softfp -Wall -Wstrict-prototypes  conftest.c >&5
configure:4567: $? = 0
configure:4570: test -z 			 || test ! -s conftest.err
configure:4573: $? = 0
configure:4576: test -s conftest.o
configure:4579: $? = 0
configure:4590: result: yes
configure:4545: checking for memory.h
configure:4561: gcc -c -Os -mthumb -mfloat-abi=softfp -Wall -Wstrict-prototypes  conftest.c >&5
configure:4567: $? = 0
configure:4570: test -z 			 || test ! -s conftest.err
configure:4573: $? = 0
configure:4576: test -s conftest.o
configure:4579: $? = 0
configure:4590: result: yes
configure:4545: checking for strings.h
configure:4561: gcc -c -Os -mthumb -mfloat-abi=softfp -Wall -Wstrict-prototypes  conftest.c >&5
configure:4567: $? = 0
configure:4570: test -z 			 || test ! -s conftest.err
configure:4573: $? = 0
configure:4576: test -s conftest.o
configure:4579: $? = 0
configure:4590: result: yes
configure:4545: checking for inttypes.h
configure:4561: gcc -c -Os -mthumb -mfloat-abi=softfp -Wall -Wstrict-prototypes  conftest.c >&5
configure:4567: $? = 0
configure:4570: test -z 			 || test ! -s conftest.err
configure:4573: $? = 0
configure:4576: test -s conftest.o
configure:4579: $? = 0
configure:4590: result: yes
configure:4545: checking for stdint.h
configure:4561: gcc -c -Os -mthumb -mfloat-abi=softfp -Wall -Wstrict-prototypes  conftest.c >&5
configure:4567: $? = 0
configure:4570: test -z 			 || test ! -s conftest.err
configure:4573: $? = 0
configure:4576: test -s conftest.o
configure:4579: $? = 0
configure:4590: result: yes
configure:4545: checking for unistd.h
configure:4561: gcc -c -Os -mthumb -mfloat-abi=softfp -Wall -Wstrict-prototypes  conftest.c >&5
configure:4567: $? = 0
configure:4570: test -z 			 || test ! -s conftest.err
configure:4573: $? = 0
configure:4576: test -s conftest.o
configure:4579: $? = 0
configure:4590: result: yes
configure:4616: checking dlfcn.h usability
configure:4628: gcc -c -Os -mthumb -mfloat-abi=softfp -Wall -Wstrict-prototypes  conftest.c >&5
configure:4634: $? = 0
configure:4637: test -z 			 || test ! -s conftest.err
configure:4640: $? = 0
configure:4643: test -s conftest.o
configure:4646: $? = 0
configure:4656: result: yes
configure:4660: checking dlfcn.h presence
configure:4670: gcc -E  conftest.c
configure:4676: $? = 0
configure:4696: result: yes
configure:4731: checking for dlfcn.h
configure:4738: result: yes
configure:4755: checking the maximum length of command line arguments
configure:4864: result: 32768
configure:4875: checking command to parse /scratchbox/compilers/bin/nm -B output from gcc object
configure:4980: gcc -c -Os -mthumb -mfloat-abi=softfp -Wall -Wstrict-prototypes  conftest.c >&5
conftest.c:5: warning: function declaration isn't a prototype
conftest.c:9: warning: function declaration isn't a prototype
configure:4983: $? = 0
configure:4987: /scratchbox/compilers/bin/nm -B conftest.o \| sed -n -e 's/^.*[ 	]\([ABCDGIRSTW][ABCDGIRSTW]*\)[ 	][ 	]*\([_A-Za-z][_A-Za-z0-9]*\)$/\1 \2 \2/p' \> conftest.nm
configure:4990: $? = 0
configure:5042: gcc -o conftest -Os -mthumb -mfloat-abi=softfp -Wall -Wstrict-prototypes   conftest.c conftstm.o >&5
configure:5045: $? = 0
configure:5083: result: ok
configure:5087: checking for objdir
configure:5102: result: .libs
configure:5192: checking for ar
configure:5208: found /scratchbox/compilers/bin/ar
configure:5219: result: ar
configure:5272: checking for ranlib
configure:5288: found /scratchbox/compilers/bin/ranlib
configure:5299: result: ranlib
configure:5352: checking for strip
configure:5368: found /scratchbox/compilers/bin/strip
configure:5379: result: strip
configure:5651: checking if gcc supports -fno-rtti -fno-exceptions
configure:5672: gcc -c -Os -mthumb -mfloat-abi=softfp -Wall -Wstrict-prototypes  -fno-rtti -fno-exceptions conftest.c >&5
cc1: warning: command line option "-fno-rtti" is valid for C++/ObjC++ but not for C
cc1: warning: command line option "-fno-rtti" is valid for C++/ObjC++ but not for C
configure:5676: $? = 0
configure:5686: result: no
configure:5701: checking for gcc option to produce PIC
configure:5911: result: -fPIC
configure:5919: checking if gcc PIC flag -fPIC works
configure:5940: gcc -c -Os -mthumb -mfloat-abi=softfp -Wall -Wstrict-prototypes  -fPIC -DPIC conftest.c >&5
configure:5944: $? = 0
configure:5954: result: yes
configure:5982: checking if gcc static flag -static works
conftest.c:1: warning: function declaration isn't a prototype
configure:6010: result: yes
configure:6020: checking if gcc supports -c -o file.o
configure:6044: gcc -c -Os -mthumb -mfloat-abi=softfp -Wall -Wstrict-prototypes  -o out/conftest2.o conftest.c >&5
configure:6048: $? = 0
configure:6067: result: yes
configure:6093: checking whether the gcc linker (/scratchbox/compilers/cs2005q3.2-glibc-arm/arm-none-linux-gnueabi/bin/ld) supports shared libraries
configure:7059: result: yes
configure:7080: checking whether -lc should be explicitly linked in
configure:7085: gcc -c -Os -mthumb -mfloat-abi=softfp -Wall -Wstrict-prototypes  conftest.c >&5
configure:7088: $? = 0
configure:7103: gcc -shared conftest.o  -v -Wl,-soname -Wl,conftest -o conftest 2\>\&1 \| grep  -lc  \>/dev/null 2\>\&1
configure:7106: $? = 0
configure:7118: result: no
configure:7126: checking dynamic linker characteristics
configure:7726: result: GNU/Linux ld.so
configure:7735: checking how to hardcode library paths into programs
configure:7760: result: immediate
configure:7774: checking whether stripping libraries is possible
configure:7779: result: yes
configure:8606: checking if libtool supports shared libraries
configure:8608: result: yes
configure:8611: checking whether to build shared libraries
configure:8632: result: yes
configure:8635: checking whether to build static libraries
configure:8639: result: no
configure:8731: creating libtool
configure:9157: checking whether /usr/bin/python2.5 version >= 2.3.5
configure:9166: /usr/bin/python2.5 -c import sys, string # split strings by '.' and convert to numeric. Append some zeros # because we need at least 4 digits for the hex conversion. minver = map(int, string.split('2.3.5', '.')) + [0, 0, 0] minverhex = 0 for i in xrange(0, 4): minverhex = (minverhex << 8) + minver[i] sys.exit(sys.hexversion < minverhex)
configure:9169: $? = 0
configure:9171: result: yes
configure:9265: checking for /usr/bin/python2.5 version
configure:9272: result: 2.5
configure:9284: checking for /usr/bin/python2.5 platform
configure:9291: result: linux2
configure:9298: checking for /usr/bin/python2.5 script directory
configure:9306: result: ${prefix}/lib/python2.5/site-packages
configure:9315: checking for /usr/bin/python2.5 extension module directory
configure:9323: result: ${exec_prefix}/lib/python2.5/site-packages
configure:9338: checking for headers required to compile python extensions
configure:9357: gcc -E  -I/usr/include/python2.5 conftest.c
configure:9363: $? = 0
configure:9375: result: found
configure:9413: checking for xsltproc
configure:9431: found /scratchbox/devkits/doctools/bin/xsltproc
configure:9443: result: /scratchbox/devkits/doctools/bin/xsltproc
configure:9469: checking for python module thread
configure:9495: result: yes
configure:9504: checking whether to enable threading in pygobject
configure:9509: result: yes
configure:9551: checking for pkg-config
configure:9569: found /scratchbox/tools/bin/pkg-config
configure:9582: result: /scratchbox/tools/bin/pkg-config
configure:9605: checking for GLIB - version >= 2.8.0
configure:9724: gcc -o conftest -Os -mthumb -mfloat-abi=softfp -Wall -Wstrict-prototypes -D_REENTRANT -I/usr/include/glib-2.0 -I/usr/lib/glib-2.0/include      conftest.c -lgobject-2.0 -lgthread-2.0 -lpthread -lglib-2.0    >&5
conftest.c:32: warning: function declaration isn't a prototype
configure:9727: $? = 0
configure:9729: ./conftest
configure:9732: $? = 0
configure:9750: result: yes (version 2.8.6)
configure:9948: checking whether gcc understands -std=c9x
configure:9966: gcc -c -Os -mthumb -mfloat-abi=softfp -Wall -Wstrict-prototypes -std=c9x   conftest.c >&5
conftest.c:28: warning: function declaration isn't a prototype
configure:9972: $? = 0
configure:9975: test -z 			 || test ! -s conftest.err
configure:9978: $? = 0
configure:9981: test -s conftest.o
configure:9984: $? = 0
configure:9994: result: yes
configure:10008: checking whether gcc understands -fno-strict-aliasing
configure:10026: gcc -c -Os -mthumb -mfloat-abi=softfp -Wall -Wstrict-prototypes -std=c9x -fno-strict-aliasing   conftest.c >&5
conftest.c:28: warning: function declaration isn't a prototype
configure:10032: $? = 0
configure:10035: test -z 			 || test ! -s conftest.err
configure:10038: $? = 0
configure:10041: test -s conftest.o
configure:10044: $? = 0
configure:10054: result: yes
configure:10194: creating ./config.status

## ---------------------- ##
## Running config.status. ##
## ---------------------- ##

This file was extended by pygobject config.status 2.12.2, which was
generated by GNU Autoconf 2.59.  Invocation command line was

  CONFIG_FILES    = 
  CONFIG_HEADERS  = 
  CONFIG_LINKS    = 
  CONFIG_COMMANDS = 
  $ ./config.status 

on fermat

config.status:786: creating Makefile
config.status:786: creating pygobject-2.0.pc
config.status:786: creating docs/Makefile
config.status:786: creating docs/reference/entities.docbook
config.status:786: creating docs/xsl/fixxref.py
config.status:786: creating gobject/Makefile
config.status:786: creating examples/Makefile
config.status:786: creating tests/Makefile
config.status:786: creating PKG-INFO
config.status:845: creating config.h
config.status:1139: executing depfiles commands

## ---------------- ##
## Cache variables. ##
## ---------------- ##

ac_cv_build=arm-unknown-linux-gnu
ac_cv_build_alias=arm-unknown-linux-gnu
ac_cv_c_compiler_gnu=yes
ac_cv_env_CC_set=
ac_cv_env_CC_value=
ac_cv_env_CFLAGS_set=set
ac_cv_env_CFLAGS_value='-Os -mthumb -mfloat-abi=softfp -Wall -Wstrict-prototypes'
ac_cv_env_CPPFLAGS_set=
ac_cv_env_CPPFLAGS_value=
ac_cv_env_CPP_set=
ac_cv_env_CPP_value=
ac_cv_env_LDFLAGS_set=
ac_cv_env_LDFLAGS_value=
ac_cv_env_build_alias_set=
ac_cv_env_build_alias_value=
ac_cv_env_host_alias_set=
ac_cv_env_host_alias_value=
ac_cv_env_target_alias_set=
ac_cv_env_target_alias_value=
ac_cv_exeext=
ac_cv_header_dlfcn_h=yes
ac_cv_header_inttypes_h=yes
ac_cv_header_memory_h=yes
ac_cv_header_stdc=yes
ac_cv_header_stdint_h=yes
ac_cv_header_stdlib_h=yes
ac_cv_header_string_h=yes
ac_cv_header_strings_h=yes
ac_cv_header_sys_stat_h=yes
ac_cv_header_sys_types_h=yes
ac_cv_header_unistd_h=yes
ac_cv_host=arm-unknown-linux-gnu
ac_cv_host_alias=arm-unknown-linux-gnu
ac_cv_objext=o
ac_cv_path_PKG_CONFIG=/scratchbox/tools/bin/pkg-config
ac_cv_path_XSLTPROC=/scratchbox/devkits/doctools/bin/xsltproc
ac_cv_path_install='/scratchbox/tools/bin/install -c'
ac_cv_prog_AWK=gawk
ac_cv_prog_CPP='gcc -E'
ac_cv_prog_ac_ct_AR=ar
ac_cv_prog_ac_ct_CC=gcc
ac_cv_prog_ac_ct_RANLIB=ranlib
ac_cv_prog_ac_ct_STRIP=strip
ac_cv_prog_cc_g=yes
ac_cv_prog_cc_stdc=
ac_cv_prog_egrep='grep -E'
ac_cv_prog_make_make_set=yes
am_cv_CC_dependencies_compiler_type=gcc3
am_cv_python_platform=linux2
am_cv_python_pyexecdir='${exec_prefix}/lib/python2.5/site-packages'
am_cv_python_pythondir='${prefix}/lib/python2.5/site-packages'
am_cv_python_version=2.5
lt_cv_deplibs_check_method=pass_all
lt_cv_file_magic_cmd='$MAGIC_CMD'
lt_cv_file_magic_test_file=
lt_cv_ld_reload_flag=-r
lt_cv_objdir=.libs
lt_cv_path_LD=/scratchbox/compilers/cs2005q3.2-glibc-arm/arm-none-linux-gnueabi/bin/ld
lt_cv_path_NM='/scratchbox/compilers/bin/nm -B'
lt_cv_path_SED=/scratchbox/tools/bin/sed
lt_cv_prog_compiler_c_o=yes
lt_cv_prog_compiler_rtti_exceptions=no
lt_cv_prog_gnu_ld=yes
lt_cv_sys_global_symbol_pipe='sed -n -e '\''s/^.*[ 	]\([ABCDGIRSTW][ABCDGIRSTW]*\)[ 	][ 	]*\([_A-Za-z][_A-Za-z0-9]*\)$/\1 \2 \2/p'\'''
lt_cv_sys_global_symbol_to_c_name_address='sed -n -e '\''s/^: \([^ ]*\) $/  {\"\1\", (lt_ptr) 0},/p'\'' -e '\''s/^[BCDEGRST] \([^ ]*\) \([^ ]*\)$/  {"\2", (lt_ptr) \&\2},/p'\'''
lt_cv_sys_global_symbol_to_cdecl='sed -n -e '\''s/^. .* \(.*\)$/extern int \1;/p'\'''
lt_cv_sys_max_cmd_len=32768
lt_lt_cv_prog_compiler_c_o='"yes"'
lt_lt_cv_sys_global_symbol_pipe='"sed -n -e '\''s/^.*[ 	]\\([ABCDGIRSTW][ABCDGIRSTW]*\\)[ 	][ 	]*\\([_A-Za-z][_A-Za-z0-9]*\\)\$/\\1 \\2 \\2/p'\''"'
lt_lt_cv_sys_global_symbol_to_c_name_address='"sed -n -e '\''s/^: \\([^ ]*\\) \$/  {\\\"\\1\\\", (lt_ptr) 0},/p'\'' -e '\''s/^[BCDEGRST] \\([^ ]*\\) \\([^ ]*\\)\$/  {\"\\2\", (lt_ptr) \\&\\2},/p'\''"'
lt_lt_cv_sys_global_symbol_to_cdecl='"sed -n -e '\''s/^. .* \\(.*\\)\$/extern int \\1;/p'\''"'
py_cv_mod_thread_=yes

## ----------------- ##
## Output variables. ##
## ----------------- ##

ACLOCAL='${SHELL} /home/osantana/python-sdk/pygobject/pygobject/missing --run aclocal-1.8 '
ACLOCAL_AMFLAGS='-I m4 -I .'
AMDEPBACKSLASH='\'
AMDEP_FALSE='#'
AMDEP_TRUE=''
AMTAR='${SHELL} /home/osantana/python-sdk/pygobject/pygobject/missing --run tar'
AR='ar'
AS='as'
AUTOCONF='${SHELL} /home/osantana/python-sdk/pygobject/pygobject/missing --run autoconf'
AUTOHEADER='${SHELL} /home/osantana/python-sdk/pygobject/pygobject/missing --run autoheader'
AUTOMAKE='${SHELL} /home/osantana/python-sdk/pygobject/pygobject/missing --run automake-1.8'
AWK='gawk'
CC='gcc'
CCDEPMODE='depmode=gcc3'
CFLAGS='-Os -mthumb -mfloat-abi=softfp -Wall -Wstrict-prototypes -std=c9x -fno-strict-aliasing'
CPP='gcc -E'
CPPFLAGS=' '
CYGPATH_W='echo'
DATADIR='/usr/share'
DEFS='-DHAVE_CONFIG_H'
DEPDIR='.deps'
DLLTOOL='dlltool'
ECHO='echo'
ECHO_C=''
ECHO_N='-n'
ECHO_T=''
EGREP='grep -E'
ENABLE_DOCS_FALSE='#'
ENABLE_DOCS_TRUE=''
EXEEXT=''
GLIB_CFLAGS='-D_REENTRANT -I/usr/include/glib-2.0 -I/usr/lib/glib-2.0/include  '
GLIB_GENMARSHAL='glib-genmarshal'
GLIB_LIBS='-lgobject-2.0 -lgthread-2.0 -lpthread -lglib-2.0'
GLIB_MKENUMS='glib-mkenums'
GOBJECT_QUERY='gobject-query'
INSTALL_DATA='${INSTALL} -m 644'
INSTALL_PROGRAM='${INSTALL}'
INSTALL_SCRIPT='${INSTALL}'
INSTALL_STRIP_PROGRAM='${SHELL} $(install_sh) -c -s'
LDFLAGS=''
LIBOBJS=''
LIBS=''
LIBTOOL='$(SHELL) $(top_builddir)/libtool'
LN_S='ln -s'
LTLIBOBJS=''
MAKEINFO='${SHELL} /home/osantana/python-sdk/pygobject/pygobject/missing --run makeinfo'
OBJDUMP='objdump'
OBJEXT='o'
OS_WIN32_FALSE=''
OS_WIN32_TRUE='#'
PACKAGE='pygobject'
PACKAGE_BUGREPORT='http://bugzilla.gnome.org/enter_bug.cgi?product=pygobject'
PACKAGE_NAME='pygobject'
PACKAGE_STRING='pygobject 2.12.2'
PACKAGE_TARNAME='pygobject'
PACKAGE_VERSION='2.12.2'
PATH_SEPARATOR=':'
PKG_CONFIG='/scratchbox/tools/bin/pkg-config'
PLATFORM='linux-armv5tel'
PLATFORM_WIN32_FALSE=''
PLATFORM_WIN32_TRUE='#'
PYGOBJECT_MAJOR_VERSION='2'
PYGOBJECT_MICRO_VERSION='2'
PYGOBJECT_MINOR_VERSION='12'
PYTHON='/usr/bin/python2.5'
PYTHON_EXEC_PREFIX='${exec_prefix}'
PYTHON_INCLUDES='-I/usr/include/python2.5'
PYTHON_PLATFORM='linux2'
PYTHON_PREFIX='${prefix}'
PYTHON_VERSION='2.5'
RANLIB='ranlib'
SET_MAKE=''
SHELL='/bin/sh'
STRIP='strip'
THREADING_CFLAGS=''
VERSION='2.12.2'
XSLTPROC='/scratchbox/devkits/doctools/bin/xsltproc'
ac_ct_AR='ar'
ac_ct_AS=''
ac_ct_CC='gcc'
ac_ct_DLLTOOL=''
ac_ct_OBJDUMP=''
ac_ct_RANLIB='ranlib'
ac_ct_STRIP='strip'
am__fastdepCC_FALSE='#'
am__fastdepCC_TRUE=''
am__include='include'
am__leading_dot='.'
am__quote=''
bindir='${exec_prefix}/bin'
build='arm-unknown-linux-gnu'
build_alias=''
build_cpu='arm'
build_os='linux-gnu'
build_vendor='unknown'
datadir='${prefix}/share'
exec_prefix='${prefix}'
host='arm-unknown-linux-gnu'
host_alias=''
host_cpu='arm'
host_os='linux-gnu'
host_vendor='unknown'
includedir='${prefix}/include'
infodir='${prefix}/info'
install_sh='/home/osantana/python-sdk/pygobject/pygobject/install-sh'
libdir='${exec_prefix}/lib'
libexecdir='${exec_prefix}/libexec'
localstatedir='${prefix}/var'
mandir='${prefix}/man'
mkdir_p='mkdir -p -- .'
oldincludedir='/usr/include'
pkgpyexecdir='${pyexecdir}/pygobject'
pkgpythondir='${pythondir}/pygobject'
prefix='/usr'
program_transform_name='s,x,x,'
pyexecdir='${exec_prefix}/lib/python2.5/site-packages'
pygobject_CODEGEN_DEFINES=''
pythondir='${prefix}/lib/python2.5/site-packages'
sbindir='${exec_prefix}/sbin'
sharedstatedir='${prefix}/com'
sysconfdir='${prefix}/etc'
target_alias=''

## ----------- ##
## confdefs.h. ##
## ----------- ##

#define HAVE_DLFCN_H 1
#define HAVE_INTTYPES_H 1
#define HAVE_MEMORY_H 1
#define HAVE_STDINT_H 1
#define HAVE_STDLIB_H 1
#define HAVE_STRINGS_H 1
#define HAVE_STRING_H 1
#define HAVE_SYS_STAT_H 1
#define HAVE_SYS_TYPES_H 1
#define HAVE_UNISTD_H 1
#define PACKAGE "pygobject"
#define PACKAGE_BUGREPORT "http://bugzilla.gnome.org/enter_bug.cgi?product=pygobject"
#define PACKAGE_NAME "pygobject"
#define PACKAGE_STRING "pygobject 2.12.2"
#define PACKAGE_TARNAME "pygobject"
#define PACKAGE_VERSION "2.12.2"
#define PYGOBJECT_MAJOR_VERSION 2
#define PYGOBJECT_MICRO_VERSION 2
#define PYGOBJECT_MINOR_VERSION 12
#define STDC_HEADERS 1
#define VERSION "2.12.2"

configure: exit 0
