This file contains any messages produced by compilers while
running configure, to aid debugging if configure makes a mistake.

It was created by pygtk configure 2.10.3, which was
generated by GNU Autoconf 2.59.  Invocation command line was

  $ /home/osantana/python-sdk/pygtk/pygtk/configure 

## --------- ##
## Platform. ##
## --------- ##

hostname = fermat
uname -m = i686
uname -r = 2.6.15-27-686
uname -s = Linux
uname -v = #1 SMP PREEMPT Sat Sep 16 02:13:27 UTC 2006

/usr/bin/uname -p = unknown
/bin/uname -X     = unknown

/bin/arch              = i686
/usr/bin/arch -k       = i686
/usr/convex/getsysinfo = unknown
hostinfo               = unknown
/bin/machine           = unknown
/usr/bin/oslevel       = unknown
/bin/universe          = unknown

PATH: /scratchbox/devkits/debian/bin
PATH: /scratchbox/doc_tools/bin
PATH: /scratchbox/tools/bin
PATH: /targets/links/libtool/bin
PATH: /host_usr/bin
PATH: /scratchbox/compilers/bin
PATH: /bin
PATH: /usr/bin
PATH: /usr/local/bin
PATH: /usr/X11R6/bin
PATH: /sbin
PATH: /usr/sbin
PATH: /home/osantana/bin


## ----------- ##
## Core tests. ##
## ----------- ##

configure:1660: checking for a BSD-compatible install
configure:1715: result: /scratchbox/tools/bin/install -c
configure:1726: checking whether build environment is sane
configure:1769: result: yes
configure:1826: checking for gawk
configure:1842: found /scratchbox/tools/bin/gawk
configure:1852: result: gawk
configure:1862: checking whether make sets $(MAKE)
configure:1882: result: yes
configure:2058: checking for style of include used by make
configure:2086: result: GNU
configure:2157: checking for gcc
configure:2173: found /scratchbox/compilers/bin/gcc
configure:2183: result: gcc
configure:2427: checking for C compiler version
configure:2430: gcc --version </dev/null >&5
sbox-i686-linux-gcc (GCC) 3.4.4 (release) (CodeSourcery ARM 2005q3-2)
Copyright (C) 2004 Free Software Foundation, Inc.
This is free software; see the source for copying conditions.  There is NO
warranty; not even for MERCHANTABILITY or FITNESS FOR A PARTICULAR PURPOSE.

configure:2433: $? = 0
configure:2435: gcc -v </dev/null >&5
Reading specs from /scratchbox/compilers/cs2005q3.2-glibc-i386/lib/gcc/i686-linux/3.4.4/specs
Reading specs from /scratchbox/compilers/cs2005q3.2-glibc-i386/gcc.specs
rename spec cpp to old_cpp
Configured with: /home/kl/cs2005q3-2_toolchain/gcc/glibc/work/gcc-2005q3-2/configure --build=i386-linux --host=i386-linux --target=i686-linux --prefix=/scratchbox/compilers/cs2005q3.2-glibc-i386 --with-headers=/scratchbox/compilers/cs2005q3.2-glibc-i386/usr/include --enable-languages=c,c++ --enable-shared --enable-threads --disable-checking --enable-symvers=gnu --program-prefix=i686-linux- --with-gnu-ld --enable-__cxa_atexit --disable-libssp --disable-libstdcxx-pch --with-cpu= --enable-interwork
Thread model: posix
gcc version 3.4.4 (release) (CodeSourcery ARM 2005q3-2)
configure:2438: $? = 0
configure:2440: gcc -V </dev/null >&5
sbox-i686-linux-gcc: `-V' must come at the start of the command line
configure:2443: $? = 1
configure:2466: checking for C compiler default output file name
configure:2469: gcc    conftest.c  >&5
configure:2472: $? = 0
configure:2518: result: a.out
configure:2523: checking whether the C compiler works
configure:2529: ./a.out
configure:2532: $? = 0
configure:2549: result: yes
configure:2556: checking whether we are cross compiling
configure:2558: result: no
configure:2561: checking for suffix of executables
configure:2563: gcc -o conftest    conftest.c  >&5
configure:2566: $? = 0
configure:2591: result: 
configure:2597: checking for suffix of object files
configure:2618: gcc -c   conftest.c >&5
configure:2621: $? = 0
configure:2643: result: o
configure:2647: checking whether we are using the GNU C compiler
configure:2671: gcc -c   conftest.c >&5
configure:2677: $? = 0
configure:2680: test -z 			 || test ! -s conftest.err
configure:2683: $? = 0
configure:2686: test -s conftest.o
configure:2689: $? = 0
configure:2702: result: yes
configure:2708: checking whether gcc accepts -g
configure:2729: gcc -c -g  conftest.c >&5
configure:2735: $? = 0
configure:2738: test -z 			 || test ! -s conftest.err
configure:2741: $? = 0
configure:2744: test -s conftest.o
configure:2747: $? = 0
configure:2758: result: yes
configure:2775: checking for gcc option to accept ANSI C
configure:2845: gcc  -c -g -O2  conftest.c >&5
configure:2851: $? = 0
configure:2854: test -z 			 || test ! -s conftest.err
configure:2857: $? = 0
configure:2860: test -s conftest.o
configure:2863: $? = 0
configure:2881: result: none needed
configure:2899: gcc -c -g -O2  conftest.c >&5
conftest.c:2: error: syntax error before "me"
configure:2905: $? = 1
configure: failed program was:
| #ifndef __cplusplus
|   choke me
| #endif
configure:3037: checking dependency style of gcc
configure:3127: result: gcc3
configure:3149: checking for bind_textdomain_codeset
configure:3206: gcc -o conftest -g -O2   conftest.c  >&5
configure:3212: $? = 0
configure:3215: test -z 			 || test ! -s conftest.err
configure:3218: $? = 0
configure:3221: test -s conftest
configure:3224: $? = 0
configure:3236: result: yes
configure:3255: checking build system type
configure:3273: result: i686-pc-linux-gnu
configure:3281: checking host system type
configure:3295: result: i686-pc-linux-gnu
configure:3303: checking for some Win32 platform
configure:3313: result: no
configure:3326: checking for native Win32
configure:3336: result: no
configure:3427: checking for a sed that does not truncate output
configure:3481: result: /scratchbox/tools/bin/sed
configure:3484: checking for egrep
configure:3494: result: grep -E
configure:3510: checking for ld used by gcc
configure:3577: result: /scratchbox/compilers/cs2005q3.2-glibc-i386/i686-linux/bin/ld
configure:3586: checking if the linker (/scratchbox/compilers/cs2005q3.2-glibc-i386/i686-linux/bin/ld) is GNU ld
configure:3601: result: yes
configure:3606: checking for /scratchbox/compilers/cs2005q3.2-glibc-i386/i686-linux/bin/ld option to reload object files
configure:3613: result: -r
configure:3631: checking for BSD-compatible nm
configure:3680: result: /scratchbox/compilers/bin/nm -B
configure:3684: checking whether ln -s works
configure:3688: result: yes
configure:3695: checking how to recognise dependent libraries
configure:3871: result: pass_all
configure:4348: checking how to run the C preprocessor
configure:4383: gcc -E  conftest.c
configure:4389: $? = 0
configure:4421: gcc -E  conftest.c
conftest.c:15:28: ac_nonexistent.h: No such file or directory
configure:4427: $? = 1
configure: failed program was:
| /* confdefs.h.  */
| 
| #define PACKAGE_NAME "pygtk"
| #define PACKAGE_TARNAME "pygtk"
| #define PACKAGE_VERSION "2.10.3"
| #define PACKAGE_STRING "pygtk 2.10.3"
| #define PACKAGE_BUGREPORT "http://bugzilla.gnome.org/enter_bug.cgi?product=pygtk"
| #define PYGTK_MAJOR_VERSION 2
| #define PYGTK_MINOR_VERSION 10
| #define PYGTK_MICRO_VERSION 3
| #define PACKAGE "pygtk"
| #define VERSION "2.10.3"
| #define HAVE_BIND_TEXTDOMAIN_CODESET 1
| /* end confdefs.h.  */
| #include <ac_nonexistent.h>
configure:4466: result: gcc -E
configure:4490: gcc -E  conftest.c
configure:4496: $? = 0
configure:4528: gcc -E  conftest.c
conftest.c:15:28: ac_nonexistent.h: No such file or directory
configure:4534: $? = 1
configure: failed program was:
| /* confdefs.h.  */
| 
| #define PACKAGE_NAME "pygtk"
| #define PACKAGE_TARNAME "pygtk"
| #define PACKAGE_VERSION "2.10.3"
| #define PACKAGE_STRING "pygtk 2.10.3"
| #define PACKAGE_BUGREPORT "http://bugzilla.gnome.org/enter_bug.cgi?product=pygtk"
| #define PYGTK_MAJOR_VERSION 2
| #define PYGTK_MINOR_VERSION 10
| #define PYGTK_MICRO_VERSION 3
| #define PACKAGE "pygtk"
| #define VERSION "2.10.3"
| #define HAVE_BIND_TEXTDOMAIN_CODESET 1
| /* end confdefs.h.  */
| #include <ac_nonexistent.h>
configure:4578: checking for ANSI C header files
configure:4603: gcc -c -g -O2  conftest.c >&5
configure:4609: $? = 0
configure:4612: test -z 			 || test ! -s conftest.err
configure:4615: $? = 0
configure:4618: test -s conftest.o
configure:4621: $? = 0
configure:4707: gcc -o conftest -g -O2   conftest.c  >&5
configure:4710: $? = 0
configure:4712: ./conftest
configure:4715: $? = 0
configure:4730: result: yes
configure:4754: checking for sys/types.h
configure:4770: gcc -c -g -O2  conftest.c >&5
configure:4776: $? = 0
configure:4779: test -z 			 || test ! -s conftest.err
configure:4782: $? = 0
configure:4785: test -s conftest.o
configure:4788: $? = 0
configure:4799: result: yes
configure:4754: checking for sys/stat.h
configure:4770: gcc -c -g -O2  conftest.c >&5
configure:4776: $? = 0
configure:4779: test -z 			 || test ! -s conftest.err
configure:4782: $? = 0
configure:4785: test -s conftest.o
configure:4788: $? = 0
configure:4799: result: yes
configure:4754: checking for stdlib.h
configure:4770: gcc -c -g -O2  conftest.c >&5
configure:4776: $? = 0
configure:4779: test -z 			 || test ! -s conftest.err
configure:4782: $? = 0
configure:4785: test -s conftest.o
configure:4788: $? = 0
configure:4799: result: yes
configure:4754: checking for string.h
configure:4770: gcc -c -g -O2  conftest.c >&5
configure:4776: $? = 0
configure:4779: test -z 			 || test ! -s conftest.err
configure:4782: $? = 0
configure:4785: test -s conftest.o
configure:4788: $? = 0
configure:4799: result: yes
configure:4754: checking for memory.h
configure:4770: gcc -c -g -O2  conftest.c >&5
configure:4776: $? = 0
configure:4779: test -z 			 || test ! -s conftest.err
configure:4782: $? = 0
configure:4785: test -s conftest.o
configure:4788: $? = 0
configure:4799: result: yes
configure:4754: checking for strings.h
configure:4770: gcc -c -g -O2  conftest.c >&5
configure:4776: $? = 0
configure:4779: test -z 			 || test ! -s conftest.err
configure:4782: $? = 0
configure:4785: test -s conftest.o
configure:4788: $? = 0
configure:4799: result: yes
configure:4754: checking for inttypes.h
configure:4770: gcc -c -g -O2  conftest.c >&5
configure:4776: $? = 0
configure:4779: test -z 			 || test ! -s conftest.err
configure:4782: $? = 0
configure:4785: test -s conftest.o
configure:4788: $? = 0
configure:4799: result: yes
configure:4754: checking for stdint.h
configure:4770: gcc -c -g -O2  conftest.c >&5
configure:4776: $? = 0
configure:4779: test -z 			 || test ! -s conftest.err
configure:4782: $? = 0
configure:4785: test -s conftest.o
configure:4788: $? = 0
configure:4799: result: yes
configure:4754: checking for unistd.h
configure:4770: gcc -c -g -O2  conftest.c >&5
configure:4776: $? = 0
configure:4779: test -z 			 || test ! -s conftest.err
configure:4782: $? = 0
configure:4785: test -s conftest.o
configure:4788: $? = 0
configure:4799: result: yes
configure:4825: checking dlfcn.h usability
configure:4837: gcc -c -g -O2  conftest.c >&5
configure:4843: $? = 0
configure:4846: test -z 			 || test ! -s conftest.err
configure:4849: $? = 0
configure:4852: test -s conftest.o
configure:4855: $? = 0
configure:4865: result: yes
configure:4869: checking dlfcn.h presence
configure:4879: gcc -E  conftest.c
configure:4885: $? = 0
configure:4905: result: yes
configure:4940: checking for dlfcn.h
configure:4947: result: yes
configure:4964: checking the maximum length of command line arguments
configure:5073: result: 32768
configure:5084: checking command to parse /scratchbox/compilers/bin/nm -B output from gcc object
configure:5189: gcc -c -g -O2  conftest.c >&5
configure:5192: $? = 0
configure:5196: /scratchbox/compilers/bin/nm -B conftest.o \| sed -n -e 's/^.*[ 	]\([ABCDGIRSTW][ABCDGIRSTW]*\)[ 	][ 	]*\([_A-Za-z][_A-Za-z0-9]*\)$/\1 \2 \2/p' \> conftest.nm
configure:5199: $? = 0
configure:5251: gcc -o conftest -g -O2   conftest.c conftstm.o >&5
configure:5254: $? = 0
configure:5292: result: ok
configure:5296: checking for objdir
configure:5311: result: .libs
configure:5401: checking for ar
configure:5417: found /scratchbox/compilers/bin/ar
configure:5428: result: ar
configure:5481: checking for ranlib
configure:5497: found /scratchbox/compilers/bin/ranlib
configure:5508: result: ranlib
configure:5561: checking for strip
configure:5577: found /scratchbox/compilers/bin/strip
configure:5588: result: strip
configure:5860: checking if gcc supports -fno-rtti -fno-exceptions
configure:5881: gcc -c -g -O2  -fno-rtti -fno-exceptions conftest.c >&5
cc1: warning: command line option "-fno-rtti" is valid for C++/ObjC++ but not for C
cc1: warning: command line option "-fno-rtti" is valid for C++/ObjC++ but not for C
configure:5885: $? = 0
configure:5895: result: no
configure:5910: checking for gcc option to produce PIC
configure:6120: result: -fPIC
configure:6128: checking if gcc PIC flag -fPIC works
configure:6149: gcc -c -g -O2  -fPIC -DPIC conftest.c >&5
configure:6153: $? = 0
configure:6163: result: yes
configure:6191: checking if gcc static flag -static works
configure:6219: result: yes
configure:6229: checking if gcc supports -c -o file.o
configure:6253: gcc -c -g -O2  -o out/conftest2.o conftest.c >&5
configure:6257: $? = 0
configure:6276: result: yes
configure:6302: checking whether the gcc linker (/scratchbox/compilers/cs2005q3.2-glibc-i386/i686-linux/bin/ld) supports shared libraries
configure:7258: result: yes
configure:7279: checking whether -lc should be explicitly linked in
configure:7284: gcc -c -g -O2  conftest.c >&5
configure:7287: $? = 0
configure:7302: gcc -shared conftest.o  -v -Wl,-soname -Wl,conftest -o conftest 2\>\&1 \| grep  -lc  \>/dev/null 2\>\&1
configure:7305: $? = 0
configure:7317: result: no
configure:7325: checking dynamic linker characteristics
configure:7934: result: GNU/Linux ld.so
configure:7943: checking how to hardcode library paths into programs
configure:7968: result: immediate
configure:7982: checking whether stripping libraries is possible
configure:7987: result: yes
configure:8814: checking if libtool supports shared libraries
configure:8816: result: yes
configure:8819: checking whether to build shared libraries
configure:8840: result: yes
configure:8843: checking whether to build static libraries
configure:8847: result: no
configure:8939: creating libtool
configure:9391: checking for a Python interpreter with version >= 2.5.0
configure:9406: python -c import sys, string # split strings by '.' and convert to numeric. Append some zeros # because we need at least 4 digits for the hex conversion. minver = map(int, string.split('2.5.0', '.')) + [0, 0, 0] minverhex = 0 for i in xrange(0, 4): minverhex = (minverhex << 8) + minver[i] sys.exit(sys.hexversion < minverhex)
configure:9409: $? = 1
configure:9406: python2 -c import sys, string # split strings by '.' and convert to numeric. Append some zeros # because we need at least 4 digits for the hex conversion. minver = map(int, string.split('2.5.0', '.')) + [0, 0, 0] minverhex = 0 for i in xrange(0, 4): minverhex = (minverhex << 8) + minver[i] sys.exit(sys.hexversion < minverhex)
/home/osantana/python-sdk/pygtk/pygtk/configure: line 9407: python2: command not found
configure:9409: $? = 127
configure:9406: python2.5 -c import sys, string # split strings by '.' and convert to numeric. Append some zeros # because we need at least 4 digits for the hex conversion. minver = map(int, string.split('2.5.0', '.')) + [0, 0, 0] minverhex = 0 for i in xrange(0, 4): minverhex = (minverhex << 8) + minver[i] sys.exit(sys.hexversion < minverhex)
configure:9409: $? = 0
configure:9416: result: python2.5
configure:9424: checking for python2.5
configure:9442: found /usr/bin/python2.5
configure:9454: result: /usr/bin/python2.5
configure:9473: checking for python2.5 version
configure:9480: result: 2.5
configure:9492: checking for python2.5 platform
configure:9499: result: linux2
configure:9506: checking for python2.5 script directory
configure:9514: result: ${prefix}/lib/python2.5/site-packages
configure:9523: checking for python2.5 extension module directory
configure:9531: result: ${exec_prefix}/lib/python2.5/site-packages
configure:9546: checking for headers required to compile python extensions
configure:9565: gcc -E  -I/usr/include/python2.5 conftest.c
configure:9571: $? = 0
configure:9583: result: found
configure:9610: checking for python module thread
configure:9636: result: yes
configure:9655: checking for xsltproc
configure:9688: result: no
configure:9707: checking whether to enable threading in pygtk
configure:9712: result: yes
configure:9755: checking for pkg-config
configure:9773: found /scratchbox/tools/bin/pkg-config
configure:9786: result: /scratchbox/tools/bin/pkg-config
configure:9809: checking for GLIB - version >= 2.8.0
configure:9928: gcc -o conftest -g -O2 -pthread -I/usr/include/glib-2.0 -I/usr/lib/glib-2.0/include      conftest.c -pthread -lgobject-2.0 -lgthread-2.0 -lglib-2.0    >&5
configure:9931: $? = 0
configure:9933: ./conftest
configure:9936: $? = 0
configure:9954: result: yes (version 2.8.6)
configure:10147: checking pkg-config is at least version 0.9.0
configure:10150: result: yes
configure:10161: checking for PYGOBJECT
configure:10169: $PKG_CONFIG --exists --print-errors "pygobject-2.0 >= 2.12.1"
configure:10172: $? = 0
configure:10187: $PKG_CONFIG --exists --print-errors "pygobject-2.0 >= 2.12.1"
configure:10190: $? = 0
configure:10266: result: yes
configure:10286: checking for ATK
configure:10294: $PKG_CONFIG --exists --print-errors "atk >= 1.8.1"
configure:10297: $? = 0
configure:10312: $PKG_CONFIG --exists --print-errors "atk >= 1.8.1"
configure:10315: $? = 0
configure:10349: result: yes
configure:10372: checking for PANGO
configure:10380: $PKG_CONFIG --exists --print-errors "pango >= 1.8.1"
configure:10383: $? = 0
configure:10398: $PKG_CONFIG --exists --print-errors "pango >= 1.8.1"
configure:10401: $? = 0
configure:10435: result: yes
configure:10461: checking for PYCAIRO
configure:10469: $PKG_CONFIG --exists --print-errors "pycairo >= pycairo_required_version"
Package pycairo was not found in the pkg-config search path.
Perhaps you should add the directory containing `pycairo.pc'
to the PKG_CONFIG_PATH environment variable
No package 'pycairo' found
configure:10472: $? = 1
configure:10487: $PKG_CONFIG --exists --print-errors "pycairo >= pycairo_required_version"
Package pycairo was not found in the pkg-config search path.
Perhaps you should add the directory containing `pycairo.pc'
to the PKG_CONFIG_PATH environment variable
No package 'pycairo' found
configure:10490: $? = 1


## ---------------- ##
## Cache variables. ##
## ---------------- ##

ac_cv_build=i686-pc-linux-gnu
ac_cv_build_alias=i686-pc-linux-gnu
ac_cv_c_compiler_gnu=yes
ac_cv_env_ATK_CFLAGS_set=
ac_cv_env_ATK_CFLAGS_value=
ac_cv_env_ATK_LIBS_set=
ac_cv_env_ATK_LIBS_value=
ac_cv_env_CC_set=
ac_cv_env_CC_value=
ac_cv_env_CFLAGS_set=
ac_cv_env_CFLAGS_value=
ac_cv_env_CPPFLAGS_set=
ac_cv_env_CPPFLAGS_value=
ac_cv_env_CPP_set=
ac_cv_env_CPP_value=
ac_cv_env_GTK210_CFLAGS_set=
ac_cv_env_GTK210_CFLAGS_value=
ac_cv_env_GTK210_LIBS_set=
ac_cv_env_GTK210_LIBS_value=
ac_cv_env_GTKUNIXPRINT_CFLAGS_set=
ac_cv_env_GTKUNIXPRINT_CFLAGS_value=
ac_cv_env_GTKUNIXPRINT_LIBS_set=
ac_cv_env_GTKUNIXPRINT_LIBS_value=
ac_cv_env_GTK_CFLAGS_set=
ac_cv_env_GTK_CFLAGS_value=
ac_cv_env_GTK_LIBS_set=
ac_cv_env_GTK_LIBS_value=
ac_cv_env_LDFLAGS_set=
ac_cv_env_LDFLAGS_value=
ac_cv_env_LIBGLADE_CFLAGS_set=
ac_cv_env_LIBGLADE_CFLAGS_value=
ac_cv_env_LIBGLADE_LIBS_set=
ac_cv_env_LIBGLADE_LIBS_value=
ac_cv_env_PANGOCAIRO_CFLAGS_set=
ac_cv_env_PANGOCAIRO_CFLAGS_value=
ac_cv_env_PANGOCAIRO_LIBS_set=
ac_cv_env_PANGOCAIRO_LIBS_value=
ac_cv_env_PANGO_CFLAGS_set=
ac_cv_env_PANGO_CFLAGS_value=
ac_cv_env_PANGO_LIBS_set=
ac_cv_env_PANGO_LIBS_value=
ac_cv_env_PKG_CONFIG_set=
ac_cv_env_PKG_CONFIG_value=
ac_cv_env_PYCAIRO_CFLAGS_set=
ac_cv_env_PYCAIRO_CFLAGS_value=
ac_cv_env_PYCAIRO_LIBS_set=
ac_cv_env_PYCAIRO_LIBS_value=
ac_cv_env_PYGOBJECT_CFLAGS_set=
ac_cv_env_PYGOBJECT_CFLAGS_value=
ac_cv_env_PYGOBJECT_LIBS_set=
ac_cv_env_PYGOBJECT_LIBS_value=
ac_cv_env_build_alias_set=
ac_cv_env_build_alias_value=
ac_cv_env_host_alias_set=
ac_cv_env_host_alias_value=
ac_cv_env_target_alias_set=
ac_cv_env_target_alias_value=
ac_cv_exeext=
ac_cv_func_bind_textdomain_codeset=yes
ac_cv_header_dlfcn_h=yes
ac_cv_header_inttypes_h=yes
ac_cv_header_memory_h=yes
ac_cv_header_stdc=yes
ac_cv_header_stdint_h=yes
ac_cv_header_stdlib_h=yes
ac_cv_header_string_h=yes
ac_cv_header_strings_h=yes
ac_cv_header_sys_stat_h=yes
ac_cv_header_sys_types_h=yes
ac_cv_header_unistd_h=yes
ac_cv_host=i686-pc-linux-gnu
ac_cv_host_alias=i686-pc-linux-gnu
ac_cv_objext=o
ac_cv_path_PKG_CONFIG=/scratchbox/tools/bin/pkg-config
ac_cv_path_PYTHON=/usr/bin/python2.5
ac_cv_path_install='/scratchbox/tools/bin/install -c'
ac_cv_prog_AWK=gawk
ac_cv_prog_CPP='gcc -E'
ac_cv_prog_ac_ct_AR=ar
ac_cv_prog_ac_ct_CC=gcc
ac_cv_prog_ac_ct_RANLIB=ranlib
ac_cv_prog_ac_ct_STRIP=strip
ac_cv_prog_cc_g=yes
ac_cv_prog_cc_stdc=
ac_cv_prog_egrep='grep -E'
ac_cv_prog_make_make_set=yes
am_cv_CC_dependencies_compiler_type=gcc3
am_cv_pathless_PYTHON=python2.5
am_cv_python_platform=linux2
am_cv_python_pyexecdir='${exec_prefix}/lib/python2.5/site-packages'
am_cv_python_pythondir='${prefix}/lib/python2.5/site-packages'
am_cv_python_version=2.5
lt_cv_deplibs_check_method=pass_all
lt_cv_file_magic_cmd='$MAGIC_CMD'
lt_cv_file_magic_test_file=
lt_cv_ld_reload_flag=-r
lt_cv_objdir=.libs
lt_cv_path_LD=/scratchbox/compilers/cs2005q3.2-glibc-i386/i686-linux/bin/ld
lt_cv_path_NM='/scratchbox/compilers/bin/nm -B'
lt_cv_path_SED=/scratchbox/tools/bin/sed
lt_cv_prog_compiler_c_o=yes
lt_cv_prog_compiler_rtti_exceptions=no
lt_cv_prog_gnu_ld=yes
lt_cv_sys_global_symbol_pipe='sed -n -e '\''s/^.*[ 	]\([ABCDGIRSTW][ABCDGIRSTW]*\)[ 	][ 	]*\([_A-Za-z][_A-Za-z0-9]*\)$/\1 \2 \2/p'\'''
lt_cv_sys_global_symbol_to_c_name_address='sed -n -e '\''s/^: \([^ ]*\) $/  {\"\1\", (lt_ptr) 0},/p'\'' -e '\''s/^[BCDEGRST] \([^ ]*\) \([^ ]*\)$/  {"\2", (lt_ptr) \&\2},/p'\'''
lt_cv_sys_global_symbol_to_cdecl='sed -n -e '\''s/^. .* \(.*\)$/extern int \1;/p'\'''
lt_cv_sys_max_cmd_len=32768
lt_lt_cv_prog_compiler_c_o='"yes"'
lt_lt_cv_sys_global_symbol_pipe='"sed -n -e '\''s/^.*[ 	]\\([ABCDGIRSTW][ABCDGIRSTW]*\\)[ 	][ 	]*\\([_A-Za-z][_A-Za-z0-9]*\\)\$/\\1 \\2 \\2/p'\''"'
lt_lt_cv_sys_global_symbol_to_c_name_address='"sed -n -e '\''s/^: \\([^ ]*\\) \$/  {\\\"\\1\\\", (lt_ptr) 0},/p'\'' -e '\''s/^[BCDEGRST] \\([^ ]*\\) \\([^ ]*\\)\$/  {\"\\2\", (lt_ptr) \\&\\2},/p'\''"'
lt_lt_cv_sys_global_symbol_to_cdecl='"sed -n -e '\''s/^. .* \\(.*\\)\$/extern int \\1;/p'\''"'
pkg_cv_ATK_CFLAGS='-I/usr/include/atk-1.0 -I/usr/include/glib-2.0 -I/usr/lib/glib-2.0/include  '
pkg_cv_ATK_LIBS='-latk-1.0 -lgobject-2.0 -lgmodule-2.0 -ldl -lglib-2.0  '
pkg_cv_PANGO_CFLAGS='-I/usr/include/pango-1.0 -I/usr/include/glib-2.0 -I/usr/lib/glib-2.0/include  '
pkg_cv_PANGO_LIBS='-lpango-1.0 -lgobject-2.0 -lgmodule-2.0 -ldl -lglib-2.0  '
pkg_cv_PYGOBJECT_CFLAGS='-I/usr/include/pygtk-2.0 -I/usr/include/glib-2.0 -I/usr/lib/glib-2.0/include  '
pkg_cv_PYGOBJECT_LIBS='-lgobject-2.0 -lglib-2.0  '
py_cv_mod_thread_=yes

## ----------------- ##
## Output variables. ##
## ----------------- ##

ACLOCAL='${SHELL} /home/osantana/python-sdk/pygtk/pygtk/missing --run aclocal-1.8 '
ACLOCAL_AMFLAGS='-I m4 -I .'
AMDEPBACKSLASH='\'
AMDEP_FALSE='#'
AMDEP_TRUE=''
AMTAR='${SHELL} /home/osantana/python-sdk/pygtk/pygtk/missing --run tar'
AR='ar'
AS='as'
ATK_CFLAGS='-I/usr/include/atk-1.0 -I/usr/include/glib-2.0 -I/usr/lib/glib-2.0/include  '
ATK_LIBS='-latk-1.0 -lgobject-2.0 -lgmodule-2.0 -ldl -lglib-2.0'
AUTOCONF='${SHELL} /home/osantana/python-sdk/pygtk/pygtk/missing --run autoconf'
AUTOHEADER='${SHELL} /home/osantana/python-sdk/pygtk/pygtk/missing --run autoheader'
AUTOMAKE='${SHELL} /home/osantana/python-sdk/pygtk/pygtk/missing --run automake-1.8'
AWK='gawk'
BUILD_ATK_FALSE='#'
BUILD_ATK_TRUE=''
BUILD_GTKUNIXPRINT_FALSE=''
BUILD_GTKUNIXPRINT_TRUE=''
BUILD_GTK_FALSE=''
BUILD_GTK_TRUE=''
BUILD_LIBGLADE_FALSE=''
BUILD_LIBGLADE_TRUE=''
BUILD_PANGOCAIRO_FALSE=''
BUILD_PANGOCAIRO_TRUE=''
BUILD_PANGO_FALSE='#'
BUILD_PANGO_TRUE=''
CC='gcc'
CCDEPMODE='depmode=gcc3'
CFLAGS='-g -O2'
CPP='gcc -E'
CPPFLAGS=' '
CYGPATH_W='echo'
DEFS=''
DEPDIR='.deps'
DLLTOOL='dlltool'
ECHO='echo'
ECHO_C=''
ECHO_N='-n'
ECHO_T=''
EGREP='grep -E'
ENABLE_DOCS_FALSE=''
ENABLE_DOCS_TRUE='#'
EXEEXT=''
GLIB_CFLAGS='-pthread -I/usr/include/glib-2.0 -I/usr/lib/glib-2.0/include  '
GLIB_GENMARSHAL='glib-genmarshal'
GLIB_LIBS='-pthread -lgobject-2.0 -lgthread-2.0 -lglib-2.0'
GLIB_MKENUMS='glib-mkenums'
GOBJECT_QUERY='gobject-query'
GTK210_CFLAGS=''
GTK210_LIBS=''
GTKUNIXPRINT_CFLAGS=''
GTKUNIXPRINT_LIBS=''
GTK_CFLAGS=''
GTK_LIBS=''
HAVE_GTK_2_10=''
HAVE_GTK_2_10_FALSE=''
HAVE_GTK_2_10_TRUE=''
INSTALL_DATA='${INSTALL} -m 644'
INSTALL_PROGRAM='${INSTALL}'
INSTALL_SCRIPT='${INSTALL}'
INSTALL_STRIP_PROGRAM='${SHELL} $(install_sh) -c -s'
LDFLAGS=''
LIBGLADE_CFLAGS=''
LIBGLADE_LIBS=''
LIBOBJS=''
LIBS=''
LIBTOOL='$(SHELL) $(top_builddir)/libtool'
LN_S='ln -s'
LTLIBOBJS=''
MAKEINFO='${SHELL} /home/osantana/python-sdk/pygtk/pygtk/missing --run makeinfo'
OBJDUMP='objdump'
OBJEXT='o'
OS_WIN32_FALSE=''
OS_WIN32_TRUE='#'
PACKAGE='pygtk'
PACKAGE_BUGREPORT='http://bugzilla.gnome.org/enter_bug.cgi?product=pygtk'
PACKAGE_NAME='pygtk'
PACKAGE_STRING='pygtk 2.10.3'
PACKAGE_TARNAME='pygtk'
PACKAGE_VERSION='2.10.3'
PANGOCAIRO_CFLAGS=''
PANGOCAIRO_LIBS=''
PANGO_CFLAGS='-I/usr/include/pango-1.0 -I/usr/include/glib-2.0 -I/usr/lib/glib-2.0/include  '
PANGO_LIBS='-lpango-1.0 -lgobject-2.0 -lgmodule-2.0 -ldl -lglib-2.0'
PATH_SEPARATOR=':'
PKG_CONFIG='/scratchbox/tools/bin/pkg-config'
PLATFORM_WIN32_FALSE=''
PLATFORM_WIN32_TRUE='#'
PYCAIRO_CFLAGS=''
PYCAIRO_LIBS=''
PYGOBJECT_CFLAGS='-I/usr/include/pygtk-2.0 -I/usr/include/glib-2.0 -I/usr/lib/glib-2.0/include  '
PYGOBJECT_DATADIR='/usr/share'
PYGOBJECT_FIXXREF='/usr/bin/python2.5 /usr/share/pygobject/xsl/fixxref.py'
PYGOBJECT_INCLUDEDIR='/usr/include/pygtk-2.0'
PYGOBJECT_LIBS='-lgobject-2.0 -lglib-2.0  '
PYGOBJECT_PYGDOCS='/usr/share/gtk-doc/html/pygobject'
PYGTK_CODEGEN_DEFINES=''
PYGTK_MAJOR_VERSION='2'
PYGTK_MICRO_VERSION='3'
PYGTK_MINOR_VERSION='10'
PYTHON='/usr/bin/python2.5'
PYTHON_EXEC_PREFIX='${exec_prefix}'
PYTHON_INCLUDES='-I/usr/include/python2.5'
PYTHON_PLATFORM='linux2'
PYTHON_PREFIX='${prefix}'
PYTHON_VERSION='2.5'
RANLIB='ranlib'
SET_MAKE=''
SHELL='/bin/sh'
STRIP='strip'
THREADING_CFLAGS=''
VERSION='2.10.3'
XSLTPROC=''
ac_ct_AR='ar'
ac_ct_AS=''
ac_ct_CC='gcc'
ac_ct_DLLTOOL=''
ac_ct_OBJDUMP=''
ac_ct_RANLIB='ranlib'
ac_ct_STRIP='strip'
ac_pt_PKG_CONFIG=''
am__fastdepCC_FALSE='#'
am__fastdepCC_TRUE=''
am__include='include'
am__leading_dot='.'
am__quote=''
bindir='${exec_prefix}/bin'
build='i686-pc-linux-gnu'
build_alias=''
build_cpu='i686'
build_os='linux-gnu'
build_vendor='pc'
datadir='${prefix}/share'
exec_prefix='NONE'
host='i686-pc-linux-gnu'
host_alias=''
host_cpu='i686'
host_os='linux-gnu'
host_vendor='pc'
includedir='${prefix}/include'
infodir='${prefix}/info'
install_sh='/home/osantana/python-sdk/pygtk/pygtk/install-sh'
libdir='${exec_prefix}/lib'
libexecdir='${exec_prefix}/libexec'
localstatedir='${prefix}/var'
mandir='${prefix}/man'
mkdir_p='mkdir -p -- .'
oldincludedir='/usr/include'
pkgpyexecdir='${pyexecdir}/pygtk'
pkgpythondir='${pythondir}/pygtk'
prefix='NONE'
program_transform_name='s,x,x,'
pyexecdir='${exec_prefix}/lib/python2.5/site-packages'
pythondir='${prefix}/lib/python2.5/site-packages'
sbindir='${exec_prefix}/sbin'
sharedstatedir='${prefix}/com'
sysconfdir='${prefix}/etc'
target_alias=''

## ----------- ##
## confdefs.h. ##
## ----------- ##

#define HAVE_BIND_TEXTDOMAIN_CODESET 1
#define HAVE_DLFCN_H 1
#define HAVE_INTTYPES_H 1
#define HAVE_MEMORY_H 1
#define HAVE_STDINT_H 1
#define HAVE_STDLIB_H 1
#define HAVE_STRINGS_H 1
#define HAVE_STRING_H 1
#define HAVE_SYS_STAT_H 1
#define HAVE_SYS_TYPES_H 1
#define HAVE_UNISTD_H 1
#define PACKAGE "pygtk"
#define PACKAGE_BUGREPORT "http://bugzilla.gnome.org/enter_bug.cgi?product=pygtk"
#define PACKAGE_NAME "pygtk"
#define PACKAGE_STRING "pygtk 2.10.3"
#define PACKAGE_TARNAME "pygtk"
#define PACKAGE_VERSION "2.10.3"
#define PYGTK_MAJOR_VERSION 2
#define PYGTK_MICRO_VERSION 3
#define PYGTK_MINOR_VERSION 10
#define STDC_HEADERS 1
#define VERSION "2.10.3"

configure: exit 258
